[2025-04-16T20:27:38.131+0000] {manager.py:470} INFO - Processing files using up to 1 processes at a time 
[2025-04-16T20:27:38.131+0000] {manager.py:471} INFO - Process each file at most once every 30 seconds
[2025-04-16T20:27:38.132+0000] {manager.py:472} INFO - Checking for new files in /root/airflow/dags every 300 seconds
[2025-04-16T20:27:38.132+0000] {manager.py:737} INFO - Searching for files in /root/airflow/dags
[2025-04-16T20:27:38.134+0000] {manager.py:740} INFO - There are 1 files in /root/airflow/dags
[2025-04-16T20:27:38.509+0000] {manager.py:878} INFO - 
================================================================================
DAG File Processing Stats

File Path                                    PID    Runtime      # DAGs    # Errors  Last Runtime    Last Run
-------------------------------------------  -----  ---------  --------  ----------  --------------  -------------------
/root/airflow/dags/financial_trading_dag.py                           0           1  0.10s           2025-04-16T20:27:38
================================================================================
[2025-04-16T20:28:12.453+0000] {manager.py:878} INFO - 
================================================================================
DAG File Processing Stats

File Path                                    PID    Runtime      # DAGs    # Errors  Last Runtime    Last Run
-------------------------------------------  -----  ---------  --------  ----------  --------------  -------------------
/root/airflow/dags/financial_trading_dag.py                           0           1  0.10s           2025-04-16T20:28:12
================================================================================
[2025-04-16T20:28:42.636+0000] {manager.py:878} INFO - 
================================================================================
DAG File Processing Stats

File Path                                    PID    Runtime      # DAGs    # Errors  Last Runtime    Last Run
-------------------------------------------  -----  ---------  --------  ----------  --------------  -------------------
/root/airflow/dags/financial_trading_dag.py                           0           1  0.10s           2025-04-16T20:28:42
================================================================================
[2025-04-16T20:29:15.649+0000] {manager.py:878} INFO - 
================================================================================
DAG File Processing Stats

File Path                                    PID    Runtime      # DAGs    # Errors  Last Runtime    Last Run
-------------------------------------------  -----  ---------  --------  ----------  --------------  -------------------
/root/airflow/dags/financial_trading_dag.py                           0           1  0.10s           2025-04-16T20:29:12
================================================================================
[2025-04-16T20:29:48.863+0000] {manager.py:878} INFO - 
================================================================================
DAG File Processing Stats

File Path                                    PID    Runtime      # DAGs    # Errors  Last Runtime    Last Run
-------------------------------------------  -----  ---------  --------  ----------  --------------  -------------------
/root/airflow/dags/financial_trading_dag.py                           0           1  0.10s           2025-04-16T20:29:43
================================================================================
[2025-04-16T20:30:22.700+0000] {manager.py:878} INFO - 
================================================================================
DAG File Processing Stats

File Path                                    PID    Runtime      # DAGs    # Errors  Last Runtime    Last Run
-------------------------------------------  -----  ---------  --------  ----------  --------------  -------------------
/root/airflow/dags/financial_trading_dag.py                           0           1  0.88s           2025-04-16T20:30:14
================================================================================
[2025-04-16T20:30:55.764+0000] {manager.py:878} INFO - 
================================================================================
DAG File Processing Stats

File Path                                    PID    Runtime      # DAGs    # Errors  Last Runtime    Last Run
-------------------------------------------  -----  ---------  --------  ----------  --------------  -------------------
/root/airflow/dags/financial_trading_dag.py                           0           1  0.10s           2025-04-16T20:30:45
================================================================================
[2025-04-16T20:31:28.783+0000] {manager.py:878} INFO - 
================================================================================
DAG File Processing Stats

File Path                                    PID    Runtime      # DAGs    # Errors  Last Runtime    Last Run
-------------------------------------------  -----  ---------  --------  ----------  --------------  -------------------
/root/airflow/dags/financial_trading_dag.py                           0           1  0.10s           2025-04-16T20:31:16
================================================================================
[2025-04-16T20:32:01.998+0000] {manager.py:878} INFO - 
================================================================================
DAG File Processing Stats

File Path                                    PID    Runtime      # DAGs    # Errors  Last Runtime    Last Run
-------------------------------------------  -----  ---------  --------  ----------  --------------  -------------------
/root/airflow/dags/financial_trading_dag.py                           0           1  0.10s           2025-04-16T20:31:46
================================================================================
[2025-04-16T20:32:35.156+0000] {manager.py:878} INFO - 
================================================================================
DAG File Processing Stats

File Path                                    PID    Runtime      # DAGs    # Errors  Last Runtime    Last Run
-------------------------------------------  -----  ---------  --------  ----------  --------------  -------------------
/root/airflow/dags/financial_trading_dag.py                           0           1  0.10s           2025-04-16T20:32:18
================================================================================
[2025-04-16T20:32:38.242+0000] {manager.py:737} INFO - Searching for files in /root/airflow/dags
[2025-04-16T20:32:38.243+0000] {manager.py:740} INFO - There are 1 files in /root/airflow/dags
[2025-04-16T20:33:08.307+0000] {manager.py:878} INFO - 
================================================================================
DAG File Processing Stats

File Path                                    PID    Runtime      # DAGs    # Errors  Last Runtime    Last Run
-------------------------------------------  -----  ---------  --------  ----------  --------------  -------------------
/root/airflow/dags/financial_trading_dag.py                           0           1  0.10s           2025-04-16T20:32:49
================================================================================
[2025-04-16T20:33:38.496+0000] {manager.py:878} INFO - 
================================================================================
DAG File Processing Stats

File Path                                    PID    Runtime      # DAGs    # Errors  Last Runtime    Last Run
-------------------------------------------  -----  ---------  --------  ----------  --------------  -------------------
/root/airflow/dags/financial_trading_dag.py                           0           1  0.10s           2025-04-16T20:33:19
================================================================================
[2025-04-16T20:34:13.043+0000] {manager.py:878} INFO - 
================================================================================
DAG File Processing Stats

File Path                                    PID    Runtime      # DAGs    # Errors  Last Runtime    Last Run
-------------------------------------------  -----  ---------  --------  ----------  --------------  -------------------
/root/airflow/dags/financial_trading_dag.py                           0           1  0.10s           2025-04-16T20:33:49
================================================================================
[2025-04-16T20:35:11.998+0000] {manager.py:470} INFO - Processing files using up to 1 processes at a time 
[2025-04-16T20:35:11.999+0000] {manager.py:471} INFO - Process each file at most once every 30 seconds
[2025-04-16T20:35:11.999+0000] {manager.py:472} INFO - Checking for new files in /root/airflow/dags every 300 seconds
[2025-04-16T20:35:11.999+0000] {manager.py:737} INFO - Searching for files in /root/airflow/dags
[2025-04-16T20:35:12.000+0000] {manager.py:740} INFO - There are 1 files in /root/airflow/dags
[2025-04-16T20:35:12.154+0000] {manager.py:878} INFO - 
================================================================================
DAG File Processing Stats

File Path                                    PID    Runtime      # DAGs    # Errors  Last Runtime    Last Run
-------------------------------------------  -----  ---------  --------  ----------  --------------  -------------------
/root/airflow/dags/financial_trading_dag.py                           0           1  0.10s           2025-04-16T20:35:12
================================================================================
[2025-04-16T20:35:45.136+0000] {manager.py:878} INFO - 
================================================================================
DAG File Processing Stats

File Path                                    PID    Runtime      # DAGs    # Errors  Last Runtime    Last Run
-------------------------------------------  -----  ---------  --------  ----------  --------------  -------------------
/root/airflow/dags/financial_trading_dag.py                           0           1  0.10s           2025-04-16T20:35:42
================================================================================
[2025-04-16T20:36:18.091+0000] {manager.py:878} INFO - 
================================================================================
DAG File Processing Stats

File Path                                    PID    Runtime      # DAGs    # Errors  Last Runtime    Last Run
-------------------------------------------  -----  ---------  --------  ----------  --------------  -------------------
/root/airflow/dags/financial_trading_dag.py                           0           1  0.10s           2025-04-16T20:36:12
================================================================================
[2025-04-16T20:36:51.123+0000] {manager.py:878} INFO - 
================================================================================
DAG File Processing Stats

File Path                                    PID    Runtime      # DAGs    # Errors  Last Runtime    Last Run
-------------------------------------------  -----  ---------  --------  ----------  --------------  -------------------
/root/airflow/dags/financial_trading_dag.py                           0           1  0.10s           2025-04-16T20:36:43
================================================================================
